[23:34:59] [main/INFO]: Loading Minecraft 1.20.1 with Fabric Loader 0.16.3
[23:35:00] [main/INFO]: Loading 4 mods:
	- fabricloader 0.16.3
	   \-- mixinextras 0.4.1
	- java 17
	- minecraft 1.20.1
[23:35:00] [main/INFO]: SpongePowered MIXIN Subsystem Version=0.8.7 Source=file:/workspaces/bookish-fishstick/servidor_minecraft/libraries/net/fabricmc/sponge-mixin/0.15.2+mixin.0.8.7/sponge-mixin-0.15.2+mixin.0.8.7.jar Service=Knot/Fabric Env=SERVER
[23:35:08] [main/INFO]: Environment: authHost='https://authserver.mojang.com', accountsHost='https://api.mojang.com', sessionHost='https://sessionserver.mojang.com', servicesHost='https://api.minecraftservices.com', name='PROD'
[23:35:11] [main/INFO]: Loaded 7 recipes
[23:35:11] [main/INFO]: Loaded 1271 advancements
[23:35:12] [Server thread/INFO]: Starting minecraft server version 1.20.1
[23:35:12] [Server thread/INFO]: Loading properties
[23:35:12] [Server thread/INFO]: Default game type: SURVIVAL
[23:35:12] [Server thread/INFO]: Generating keypair
[23:35:12] [Server thread/INFO]: Starting Minecraft server on *:25565
[23:35:12] [Server thread/INFO]: Using epoll channel type
[23:35:12] [Server thread/WARN]: **** SERVER IS RUNNING IN OFFLINE/INSECURE MODE!
[23:35:12] [Server thread/WARN]: The server will make no attempt to authenticate usernames. Beware.
[23:35:12] [Server thread/WARN]: While this makes the game possible to play without internet access, it also opens up the ability for hackers to connect with any username they choose.
[23:35:12] [Server thread/WARN]: To change this, set "online-mode" to "true" in the server.properties file.
[23:35:12] [Server thread/INFO]: Preparing level "world"
[23:35:24] [Server thread/INFO]: Preparing start region for dimension minecraft:overworld
[23:35:25] [Worker-Main-1/INFO]: Preparing spawn area: 0%
[23:35:25] [Worker-Main-1/INFO]: Preparing spawn area: 0%
[23:35:25] [Worker-Main-1/INFO]: Preparing spawn area: 0%
[23:35:25] [Worker-Main-1/INFO]: Preparing spawn area: 0%
[23:35:26] [Worker-Main-1/INFO]: Preparing spawn area: 0%
[23:35:27] [Worker-Main-1/INFO]: Preparing spawn area: 0%
[23:35:27] [Worker-Main-1/INFO]: Preparing spawn area: 0%
[23:35:27] [Worker-Main-1/INFO]: Preparing spawn area: 0%
[23:35:28] [Worker-Main-1/INFO]: Preparing spawn area: 0%
[23:35:28] [Worker-Main-1/INFO]: Preparing spawn area: 0%
[23:35:29] [Worker-Main-1/INFO]: Preparing spawn area: 0%
[23:35:30] [Worker-Main-1/INFO]: Preparing spawn area: 0%
[23:35:30] [Worker-Main-1/INFO]: Preparing spawn area: 0%
[23:35:31] [Worker-Main-1/INFO]: Preparing spawn area: 0%
[23:35:31] [Worker-Main-1/INFO]: Preparing spawn area: 0%
[23:35:32] [Worker-Main-1/INFO]: Preparing spawn area: 0%
[23:35:32] [Worker-Main-1/INFO]: Preparing spawn area: 0%
[23:35:33] [Worker-Main-1/INFO]: Preparing spawn area: 0%
[23:35:33] [Worker-Main-1/INFO]: Preparing spawn area: 0%
[23:35:33] [Worker-Main-1/INFO]: Preparing spawn area: 0%
[23:35:34] [Worker-Main-1/INFO]: Preparing spawn area: 0%
[23:35:35] [Worker-Main-1/INFO]: Preparing spawn area: 0%
[23:35:35] [Worker-Main-1/INFO]: Preparing spawn area: 0%
[23:35:35] [Worker-Main-1/INFO]: Preparing spawn area: 0%
[23:35:36] [Worker-Main-1/INFO]: Preparing spawn area: 0%
[23:35:37] [Worker-Main-1/INFO]: Preparing spawn area: 0%
[23:35:37] [Worker-Main-1/INFO]: Preparing spawn area: 0%
[23:35:38] [Worker-Main-1/INFO]: Preparing spawn area: 0%
[23:35:38] [Worker-Main-1/INFO]: Preparing spawn area: 0%
[23:35:38] [Worker-Main-1/INFO]: Preparing spawn area: 0%
[23:35:39] [Worker-Main-1/INFO]: Preparing spawn area: 0%
[23:35:39] [Worker-Main-1/INFO]: Preparing spawn area: 0%
[23:35:40] [Worker-Main-1/INFO]: Preparing spawn area: 0%
[23:35:40] [Worker-Main-1/INFO]: Preparing spawn area: 0%
[23:35:41] [Worker-Main-1/INFO]: Preparing spawn area: 0%
[23:35:41] [Worker-Main-1/INFO]: Preparing spawn area: 0%
[23:35:42] [Worker-Main-1/INFO]: Preparing spawn area: 0%
[23:35:42] [Worker-Main-1/INFO]: Preparing spawn area: 0%
[23:35:43] [Worker-Main-1/INFO]: Preparing spawn area: 0%
[23:35:43] [Worker-Main-1/INFO]: Preparing spawn area: 0%
[23:35:44] [Worker-Main-1/INFO]: Preparing spawn area: 0%
[23:35:45] [Worker-Main-1/INFO]: Preparing spawn area: 0%
[23:35:45] [Worker-Main-1/INFO]: Preparing spawn area: 0%
[23:35:45] [Worker-Main-1/INFO]: Preparing spawn area: 0%
[23:35:46] [Worker-Main-1/INFO]: Preparing spawn area: 0%
[23:35:46] [Worker-Main-1/INFO]: Preparing spawn area: 0%
[23:35:47] [Worker-Main-1/INFO]: Preparing spawn area: 0%
[23:35:47] [Worker-Main-1/INFO]: Preparing spawn area: 0%
[23:35:48] [Worker-Main-1/INFO]: Preparing spawn area: 0%
[23:35:48] [Worker-Main-1/INFO]: Preparing spawn area: 0%
[23:35:49] [Worker-Main-1/INFO]: Preparing spawn area: 0%
[23:35:50] [Worker-Main-1/INFO]: Preparing spawn area: 0%
[23:35:50] [Worker-Main-1/INFO]: Preparing spawn area: 0%
[23:35:50] [Worker-Main-1/INFO]: Preparing spawn area: 0%
[23:35:51] [Worker-Main-1/INFO]: Preparing spawn area: 0%
[23:35:51] [Worker-Main-1/INFO]: Preparing spawn area: 0%
[23:35:52] [Worker-Main-1/INFO]: Preparing spawn area: 0%
[23:35:52] [Worker-Main-1/INFO]: Preparing spawn area: 0%
[23:35:53] [Worker-Main-1/INFO]: Preparing spawn area: 0%
[23:35:53] [Worker-Main-1/INFO]: Preparing spawn area: 0%
[23:35:54] [Worker-Main-1/INFO]: Preparing spawn area: 0%
[23:35:54] [Worker-Main-1/INFO]: Preparing spawn area: 0%
[23:35:55] [Worker-Main-1/INFO]: Preparing spawn area: 0%
[23:35:56] [Worker-Main-1/INFO]: Preparing spawn area: 0%
[23:35:56] [Worker-Main-1/INFO]: Preparing spawn area: 0%
[23:35:57] [Worker-Main-1/INFO]: Preparing spawn area: 0%
[23:35:57] [Worker-Main-1/INFO]: Preparing spawn area: 0%
[23:35:58] [Worker-Main-1/INFO]: Preparing spawn area: 0%
[23:35:58] [Worker-Main-1/INFO]: Preparing spawn area: 0%
[23:35:58] [Worker-Main-1/INFO]: Preparing spawn area: 0%
[23:35:59] [Worker-Main-1/INFO]: Preparing spawn area: 0%
[23:35:59] [Worker-Main-1/INFO]: Preparing spawn area: 0%
[23:36:00] [Worker-Main-1/INFO]: Preparing spawn area: 0%
[23:36:00] [Worker-Main-1/INFO]: Preparing spawn area: 0%
[23:36:01] [Worker-Main-1/INFO]: Preparing spawn area: 0%
[23:36:01] [Worker-Main-1/INFO]: Preparing spawn area: 0%
[23:36:02] [Worker-Main-1/INFO]: Preparing spawn area: 0%
[23:36:03] [Worker-Main-1/INFO]: Preparing spawn area: 0%
[23:36:03] [Worker-Main-1/INFO]: Preparing spawn area: 0%
[23:36:03] [Worker-Main-1/INFO]: Preparing spawn area: 0%
[23:36:04] [Worker-Main-1/INFO]: Preparing spawn area: 0%
[23:36:04] [Worker-Main-1/INFO]: Preparing spawn area: 0%
[23:36:05] [Worker-Main-1/INFO]: Preparing spawn area: 0%
[23:36:05] [Worker-Main-1/INFO]: Preparing spawn area: 0%
[23:36:06] [Worker-Main-1/INFO]: Preparing spawn area: 0%
[23:36:06] [Worker-Main-1/INFO]: Preparing spawn area: 0%
[23:36:08] [Worker-Main-1/INFO]: Preparing spawn area: 0%
[23:36:08] [Worker-Main-1/INFO]: Preparing spawn area: 0%
[23:36:08] [Worker-Main-1/INFO]: Preparing spawn area: 11%
[23:36:09] [Worker-Main-1/INFO]: Preparing spawn area: 54%
[23:36:12] [Server thread/INFO]: Time elapsed: 47636 ms
[23:36:12] [Server thread/INFO]: Done (59.260s)! For help, type "help"
[23:37:03] [Server thread/INFO]: Stopping the server
[23:37:03] [Server thread/INFO]: Stopping server
[23:37:03] [Server thread/INFO]: Saving players
[23:37:03] [Server thread/INFO]: Saving worlds
[23:37:05] [Server thread/INFO]: Saving chunks for level 'ServerLevel[world]'/minecraft:overworld
[23:37:07] [Server thread/INFO]: Saving chunks for level 'ServerLevel[world]'/minecraft:the_end
[23:37:07] [Server thread/INFO]: Saving chunks for level 'ServerLevel[world]'/minecraft:the_nether
[23:37:07] [Server thread/INFO]: ThreadedAnvilChunkStorage (world): All chunks are saved
[23:37:07] [Server thread/INFO]: ThreadedAnvilChunkStorage (DIM1): All chunks are saved
[23:37:07] [Server thread/INFO]: ThreadedAnvilChunkStorage (DIM-1): All chunks are saved
[23:37:07] [Server thread/INFO]: ThreadedAnvilChunkStorage: All dimensions are saved
